50
114.883 -406.617
162.739 184.609
-148.693 -14.4046
296.159 486.219
-151.881 -186.262
83.7126 -191.873
497.316 -422.433
98.7422 -318.083
-188.055 299.582
296.389 427.237
-126.094 -366.882
425.043 -300.653
-453.675 -439.175
336.542 -83.295
-476.99 494.998
-255.933 -372.247
237.998 100.86
-308.234 177.449
26.1219 156.311
482.657 111.066
67.6125 -385.498
462.58 -475.246
402.525 -414.505
379.022 -263.323
-198.96 167.866
23.3471 -298.002
-225.486 325.147
342.599 -18.1012
158.985 355.771
2.7495 396.077
375.944 -138.996
-247.758 -26.1206
177.119 344.737
426.955 399.569
-134.563 92.1125
-49.0269 -358.967
399.657 -381.672
430.543 -143.665
271.249 -399.795
-23.9135 -407.764
-315.511 -495.06
376.581 292.656
117.293 -108.738
172.187 -263.449
-139.626 -399.59
-491.714 -3.52859
234.808 68.8801
-408.838 303.322
-397.661 -74.4518
25.7423 -65.3167
